<?xml version="1.0" encoding="UTF-8"?>
<!-- Generated by org.testng.reporters.JUnitXMLReporter -->
<testsuite hostname="D08518" ignored="0" name="testUserResource" tests="1" failures="1" timestamp="06 十二月 2017 06:45:17 GMT" time="0.024" errors="0">
  <testcase name="insert" time="0.008" classname="fenqi.spring.demo.UserServiceTest">
    <failure type="java.lang.NullPointerException">
      <![CDATA[java.lang.NullPointerException
	at fenqi.spring.demo.UserServiceTest.insert(UserServiceTest.java:20)
... Removed 25 stack frames]]>
    </failure>
  </testcase> <!-- insert -->
</testsuite> <!-- testUserResource -->
