<?xml version="1.0" encoding="UTF-8"?>
<testng-results skipped="0" failed="0" ignored="0" total="1" passed="1">
  <reporter-output>
  </reporter-output>
  <suite name="Default suite" duration-ms="295" started-at="2017-12-06T10:00:03Z" finished-at="2017-12-06T10:00:04Z">
    <groups>
    </groups>
    <test name="Default test" duration-ms="295" started-at="2017-12-06T10:00:03Z" finished-at="2017-12-06T10:00:04Z">
      <class name="fenqi.spring.demo.UserServiceTest">
        <test-method status="PASS" signature="insert()[pri:0, instance:fenqi.spring.demo.UserServiceTest@445b295b]" name="insert" duration-ms="283" started-at="2017-12-06T18:00:03Z" finished-at="2017-12-06T18:00:04Z">
          <reporter-output>
          </reporter-output>
        </test-method> <!-- insert -->
      </class> <!-- fenqi.spring.demo.UserServiceTest -->
    </test> <!-- Default test -->
  </suite> <!-- Default suite -->
</testng-results>
